<?xml version="1.0" encoding="UTF-8"?>
<coverage generated="1632816186">
  <project timestamp="1632816186">
    <file name="/Users/javierprats/Projects/test-coverage/src/Email.php">
      <class name="Email" namespace="global">
        <metrics complexity="6" methods="5" coveredmethods="4" conditionals="0" coveredconditionals="0" statements="12" coveredstatements="11" elements="17" coveredelements="15"/>
      </class>
      <line num="6" type="method" name="__construct" visibility="private" complexity="1" crap="1" count="3"/>
      <line num="8" type="stmt" count="3"/>
      <line num="10" type="stmt" count="2"/>
      <line num="11" type="stmt" count="2"/>
      <line num="13" type="method" name="fromString" visibility="public" complexity="1" crap="1" count="3"/>
      <line num="15" type="stmt" count="3"/>
      <line num="18" type="method" name="functionNotCovered" visibility="public" complexity="1" crap="2" count="0"/>
      <line num="20" type="stmt" count="0"/>
      <line num="23" type="method" name="__toString" visibility="public" complexity="1" crap="1" count="1"/>
      <line num="25" type="stmt" count="1"/>
      <line num="28" type="method" name="ensureIsValidEmail" visibility="private" complexity="2" crap="2" count="3"/>
      <line num="30" type="stmt" count="3"/>
      <line num="31" type="stmt" count="1"/>
      <line num="32" type="stmt" count="1"/>
      <line num="33" type="stmt" count="1"/>
      <line num="34" type="stmt" count="1"/>
      <line num="38" type="stmt" count="2"/>
      <metrics loc="39" ncloc="39" classes="1" methods="5" coveredmethods="4" conditionals="0" coveredconditionals="0" statements="12" coveredstatements="11" elements="17" coveredelements="15"/>
    </file>
    <metrics files="1" loc="39" ncloc="39" classes="1" methods="5" coveredmethods="4" conditionals="0" coveredconditionals="0" statements="12" coveredstatements="11" elements="17" coveredelements="15"/>
  </project>
</coverage>
